{ time: [34m20-03-2022 17:45:27[39m level: [31merror[39m message: unhandledRejection: MESSENGEBIRD_TOKEN is not defined
ReferenceError: MESSENGEBIRD_TOKEN is not defined
    at sendText (C:\CREDITCLAN\web_hook\all-endpoint\controllers\otp.controller.js:42:25)
    at exports.generateOtp (C:\CREDITCLAN\web_hook\all-endpoint\controllers\otp.controller.js:91:3)
    at C:\CREDITCLAN\web_hook\all-endpoint\node_modules\express-async-errors\index.js:17:20
    at Layer.handle [as handle_request] (C:\CREDITCLAN\web_hook\all-endpoint\node_modules\express\lib\router\layer.js:95:5)
    at next (C:\CREDITCLAN\web_hook\all-endpoint\node_modules\express\lib\router\route.js:137:13)
    at Route.dispatch (C:\CREDITCLAN\web_hook\all-endpoint\node_modules\express\lib\router\route.js:112:3)
    at C:\CREDITCLAN\web_hook\all-endpoint\node_modules\express-async-errors\index.js:17:20
    at Layer.handle [as handle_request] (C:\CREDITCLAN\web_hook\all-endpoint\node_modules\express\lib\router\layer.js:95:5)
    at C:\CREDITCLAN\web_hook\all-endpoint\node_modules\express\lib\router\index.js:281:22
    at Function.process_params (C:\CREDITCLAN\web_hook\all-endpoint\node_modules\express\lib\router\index.js:341:12) stack: ReferenceError: MESSENGEBIRD_TOKEN is not defined
    at sendText (C:\CREDITCLAN\web_hook\all-endpoint\controllers\otp.controller.js:42:25)
    at exports.generateOtp (C:\CREDITCLAN\web_hook\all-endpoint\controllers\otp.controller.js:91:3)
    at C:\CREDITCLAN\web_hook\all-endpoint\node_modules\express-async-errors\index.js:17:20
    at Layer.handle [as handle_request] (C:\CREDITCLAN\web_hook\all-endpoint\node_modules\express\lib\router\layer.js:95:5)
    at next (C:\CREDITCLAN\web_hook\all-endpoint\node_modules\express\lib\router\route.js:137:13)
    at Route.dispatch (C:\CREDITCLAN\web_hook\all-endpoint\node_modules\express\lib\router\route.js:112:3)
    at C:\CREDITCLAN\web_hook\all-endpoint\node_modules\express-async-errors\index.js:17:20
    at Layer.handle [as handle_request] (C:\CREDITCLAN\web_hook\all-endpoint\node_modules\express\lib\router\layer.js:95:5)
    at C:\CREDITCLAN\web_hook\all-endpoint\node_modules\express\lib\router\index.js:281:22
    at Function.process_params (C:\CREDITCLAN\web_hook\all-endpoint\node_modules\express\lib\router\index.js:341:12) }
{ time: [34m20-03-2022 17:47:46[39m level: [31merror[39m message: unhandledRejection: MESSENGEBIRD_TOKEN is not defined
ReferenceError: MESSENGEBIRD_TOKEN is not defined
    at sendText (C:\CREDITCLAN\web_hook\all-endpoint\controllers\otp.controller.js:42:25)
    at exports.generateOtp (C:\CREDITCLAN\web_hook\all-endpoint\controllers\otp.controller.js:92:3)
    at C:\CREDITCLAN\web_hook\all-endpoint\node_modules\express-async-errors\index.js:17:20
    at Layer.handle [as handle_request] (C:\CREDITCLAN\web_hook\all-endpoint\node_modules\express\lib\router\layer.js:95:5)
    at next (C:\CREDITCLAN\web_hook\all-endpoint\node_modules\express\lib\router\route.js:137:13)
    at Route.dispatch (C:\CREDITCLAN\web_hook\all-endpoint\node_modules\express\lib\router\route.js:112:3)
    at C:\CREDITCLAN\web_hook\all-endpoint\node_modules\express-async-errors\index.js:17:20
    at Layer.handle [as handle_request] (C:\CREDITCLAN\web_hook\all-endpoint\node_modules\express\lib\router\layer.js:95:5)
    at C:\CREDITCLAN\web_hook\all-endpoint\node_modules\express\lib\router\index.js:281:22
    at Function.process_params (C:\CREDITCLAN\web_hook\all-endpoint\node_modules\express\lib\router\index.js:341:12) stack: ReferenceError: MESSENGEBIRD_TOKEN is not defined
    at sendText (C:\CREDITCLAN\web_hook\all-endpoint\controllers\otp.controller.js:42:25)
    at exports.generateOtp (C:\CREDITCLAN\web_hook\all-endpoint\controllers\otp.controller.js:92:3)
    at C:\CREDITCLAN\web_hook\all-endpoint\node_modules\express-async-errors\index.js:17:20
    at Layer.handle [as handle_request] (C:\CREDITCLAN\web_hook\all-endpoint\node_modules\express\lib\router\layer.js:95:5)
    at next (C:\CREDITCLAN\web_hook\all-endpoint\node_modules\express\lib\router\route.js:137:13)
    at Route.dispatch (C:\CREDITCLAN\web_hook\all-endpoint\node_modules\express\lib\router\route.js:112:3)
    at C:\CREDITCLAN\web_hook\all-endpoint\node_modules\express-async-errors\index.js:17:20
    at Layer.handle [as handle_request] (C:\CREDITCLAN\web_hook\all-endpoint\node_modules\express\lib\router\layer.js:95:5)
    at C:\CREDITCLAN\web_hook\all-endpoint\node_modules\express\lib\router\index.js:281:22
    at Function.process_params (C:\CREDITCLAN\web_hook\all-endpoint\node_modules\express\lib\router\index.js:341:12) }
{ time: [34m20-03-2022 17:51:17[39m level: [31merror[39m message: unhandledRejection: Request failed with status code 401
Error: Request failed with status code 401
    at createError (C:\CREDITCLAN\web_hook\all-endpoint\node_modules\axios\lib\core\createError.js:16:15)
    at settle (C:\CREDITCLAN\web_hook\all-endpoint\node_modules\axios\lib\core\settle.js:17:12)
    at IncomingMessage.handleStreamEnd (C:\CREDITCLAN\web_hook\all-endpoint\node_modules\axios\lib\adapters\http.js:322:11)
    at IncomingMessage.emit (events.js:327:22)
    at endReadableNT (internal/streams/readable.js:1327:12)
    at processTicksAndRejections (internal/process/task_queues.js:80:21) stack: Error: Request failed with status code 401
    at createError (C:\CREDITCLAN\web_hook\all-endpoint\node_modules\axios\lib\core\createError.js:16:15)
    at settle (C:\CREDITCLAN\web_hook\all-endpoint\node_modules\axios\lib\core\settle.js:17:12)
    at IncomingMessage.handleStreamEnd (C:\CREDITCLAN\web_hook\all-endpoint\node_modules\axios\lib\adapters\http.js:322:11)
    at IncomingMessage.emit (events.js:327:22)
    at endReadableNT (internal/streams/readable.js:1327:12)
    at processTicksAndRejections (internal/process/task_queues.js:80:21) }
{ time: [34m20-03-2022 17:59:18[39m level: [31merror[39m message: uncaughtException: Identifier 'sendText' has already been declared
C:\CREDITCLAN\web_hook\all-endpoint\controllers\otp.controller.js:10
async function sendText(text, provider, channelId, phone) {
^

SyntaxError: Identifier 'sendText' has already been declared
    at wrapSafe (internal/modules/cjs/loader.js:979:16)
    at Module._compile (internal/modules/cjs/loader.js:1027:27)
    at Object.Module._extensions..js (internal/modules/cjs/loader.js:1092:10)
    at Module.load (internal/modules/cjs/loader.js:928:32)
    at Function.Module._load (internal/modules/cjs/loader.js:769:14)
    at Module.require (internal/modules/cjs/loader.js:952:19)
    at require (internal/modules/cjs/helpers.js:88:18)
    at Object.<anonymous> (C:\CREDITCLAN\web_hook\all-endpoint\routes\otp.route.js:2:18)
    at Module._compile (internal/modules/cjs/loader.js:1063:30)
    at Object.Module._extensions..js (internal/modules/cjs/loader.js:1092:10) stack: C:\CREDITCLAN\web_hook\all-endpoint\controllers\otp.controller.js:10
async function sendText(text, provider, channelId, phone) {
^

SyntaxError: Identifier 'sendText' has already been declared
    at wrapSafe (internal/modules/cjs/loader.js:979:16)
    at Module._compile (internal/modules/cjs/loader.js:1027:27)
    at Object.Module._extensions..js (internal/modules/cjs/loader.js:1092:10)
    at Module.load (internal/modules/cjs/loader.js:928:32)
    at Function.Module._load (internal/modules/cjs/loader.js:769:14)
    at Module.require (internal/modules/cjs/loader.js:952:19)
    at require (internal/modules/cjs/helpers.js:88:18)
    at Object.<anonymous> (C:\CREDITCLAN\web_hook\all-endpoint\routes\otp.route.js:2:18)
    at Module._compile (internal/modules/cjs/loader.js:1063:30)
    at Object.Module._extensions..js (internal/modules/cjs/loader.js:1092:10) }
{ time: [34m20-03-2022 18:00:02[39m level: [31merror[39m message: uncaughtException: Cannot find module '../loggers'
Require stack:
- C:\CREDITCLAN\web_hook\all-endpoint\util\messages\direct-message.js
- C:\CREDITCLAN\web_hook\all-endpoint\controllers\otp.controller.js
- C:\CREDITCLAN\web_hook\all-endpoint\routes\otp.route.js
- C:\CREDITCLAN\web_hook\all-endpoint\util\middleware&route.js
- C:\CREDITCLAN\web_hook\all-endpoint\index.js
Error: Cannot find module '../loggers'
Require stack:
- C:\CREDITCLAN\web_hook\all-endpoint\util\messages\direct-message.js
- C:\CREDITCLAN\web_hook\all-endpoint\controllers\otp.controller.js
- C:\CREDITCLAN\web_hook\all-endpoint\routes\otp.route.js
- C:\CREDITCLAN\web_hook\all-endpoint\util\middleware&route.js
- C:\CREDITCLAN\web_hook\all-endpoint\index.js
    at Function.Module._resolveFilename (internal/modules/cjs/loader.js:880:15)
    at Function.Module._load (internal/modules/cjs/loader.js:725:27)
    at Module.require (internal/modules/cjs/loader.js:952:19)
    at require (internal/modules/cjs/helpers.js:88:18)
    at Object.<anonymous> (C:\CREDITCLAN\web_hook\all-endpoint\util\messages\direct-message.js:5:17)
    at Module._compile (internal/modules/cjs/loader.js:1063:30)
    at Object.Module._extensions..js (internal/modules/cjs/loader.js:1092:10)
    at Module.load (internal/modules/cjs/loader.js:928:32)
    at Function.Module._load (internal/modules/cjs/loader.js:769:14)
    at Module.require (internal/modules/cjs/loader.js:952:19) stack: Error: Cannot find module '../loggers'
Require stack:
- C:\CREDITCLAN\web_hook\all-endpoint\util\messages\direct-message.js
- C:\CREDITCLAN\web_hook\all-endpoint\controllers\otp.controller.js
- C:\CREDITCLAN\web_hook\all-endpoint\routes\otp.route.js
- C:\CREDITCLAN\web_hook\all-endpoint\util\middleware&route.js
- C:\CREDITCLAN\web_hook\all-endpoint\index.js
    at Function.Module._resolveFilename (internal/modules/cjs/loader.js:880:15)
    at Function.Module._load (internal/modules/cjs/loader.js:725:27)
    at Module.require (internal/modules/cjs/loader.js:952:19)
    at require (internal/modules/cjs/helpers.js:88:18)
    at Object.<anonymous> (C:\CREDITCLAN\web_hook\all-endpoint\util\messages\direct-message.js:5:17)
    at Module._compile (internal/modules/cjs/loader.js:1063:30)
    at Object.Module._extensions..js (internal/modules/cjs/loader.js:1092:10)
    at Module.load (internal/modules/cjs/loader.js:928:32)
    at Function.Module._load (internal/modules/cjs/loader.js:769:14)
    at Module.require (internal/modules/cjs/loader.js:952:19) }
{ time: [34m20-03-2022 18:00:20[39m level: [31merror[39m message: uncaughtException: Cannot find module '../loggers'
Require stack:
- C:\CREDITCLAN\web_hook\all-endpoint\util\messages\direct-message.js
- C:\CREDITCLAN\web_hook\all-endpoint\controllers\otp.controller.js
- C:\CREDITCLAN\web_hook\all-endpoint\routes\otp.route.js
- C:\CREDITCLAN\web_hook\all-endpoint\util\middleware&route.js
- C:\CREDITCLAN\web_hook\all-endpoint\index.js
Error: Cannot find module '../loggers'
Require stack:
- C:\CREDITCLAN\web_hook\all-endpoint\util\messages\direct-message.js
- C:\CREDITCLAN\web_hook\all-endpoint\controllers\otp.controller.js
- C:\CREDITCLAN\web_hook\all-endpoint\routes\otp.route.js
- C:\CREDITCLAN\web_hook\all-endpoint\util\middleware&route.js
- C:\CREDITCLAN\web_hook\all-endpoint\index.js
    at Function.Module._resolveFilename (internal/modules/cjs/loader.js:880:15)
    at Function.Module._load (internal/modules/cjs/loader.js:725:27)
    at Module.require (internal/modules/cjs/loader.js:952:19)
    at require (internal/modules/cjs/helpers.js:88:18)
    at Object.<anonymous> (C:\CREDITCLAN\web_hook\all-endpoint\util\messages\direct-message.js:5:17)
    at Module._compile (internal/modules/cjs/loader.js:1063:30)
    at Object.Module._extensions..js (internal/modules/cjs/loader.js:1092:10)
    at Module.load (internal/modules/cjs/loader.js:928:32)
    at Function.Module._load (internal/modules/cjs/loader.js:769:14)
    at Module.require (internal/modules/cjs/loader.js:952:19) stack: Error: Cannot find module '../loggers'
Require stack:
- C:\CREDITCLAN\web_hook\all-endpoint\util\messages\direct-message.js
- C:\CREDITCLAN\web_hook\all-endpoint\controllers\otp.controller.js
- C:\CREDITCLAN\web_hook\all-endpoint\routes\otp.route.js
- C:\CREDITCLAN\web_hook\all-endpoint\util\middleware&route.js
- C:\CREDITCLAN\web_hook\all-endpoint\index.js
    at Function.Module._resolveFilename (internal/modules/cjs/loader.js:880:15)
    at Function.Module._load (internal/modules/cjs/loader.js:725:27)
    at Module.require (internal/modules/cjs/loader.js:952:19)
    at require (internal/modules/cjs/helpers.js:88:18)
    at Object.<anonymous> (C:\CREDITCLAN\web_hook\all-endpoint\util\messages\direct-message.js:5:17)
    at Module._compile (internal/modules/cjs/loader.js:1063:30)
    at Object.Module._extensions..js (internal/modules/cjs/loader.js:1092:10)
    at Module.load (internal/modules/cjs/loader.js:928:32)
    at Function.Module._load (internal/modules/cjs/loader.js:769:14)
    at Module.require (internal/modules/cjs/loader.js:952:19) }
{ time: [34m20-03-2022 18:01:27[39m level: [31merror[39m message: unhandledRejection: Request failed with status code 401
Error: Request failed with status code 401
    at createError (C:\CREDITCLAN\web_hook\all-endpoint\node_modules\axios\lib\core\createError.js:16:15)
    at settle (C:\CREDITCLAN\web_hook\all-endpoint\node_modules\axios\lib\core\settle.js:17:12)
    at IncomingMessage.handleStreamEnd (C:\CREDITCLAN\web_hook\all-endpoint\node_modules\axios\lib\adapters\http.js:322:11)
    at IncomingMessage.emit (events.js:327:22)
    at endReadableNT (internal/streams/readable.js:1327:12)
    at processTicksAndRejections (internal/process/task_queues.js:80:21) stack: Error: Request failed with status code 401
    at createError (C:\CREDITCLAN\web_hook\all-endpoint\node_modules\axios\lib\core\createError.js:16:15)
    at settle (C:\CREDITCLAN\web_hook\all-endpoint\node_modules\axios\lib\core\settle.js:17:12)
    at IncomingMessage.handleStreamEnd (C:\CREDITCLAN\web_hook\all-endpoint\node_modules\axios\lib\adapters\http.js:322:11)
    at IncomingMessage.emit (events.js:327:22)
    at endReadableNT (internal/streams/readable.js:1327:12)
    at processTicksAndRejections (internal/process/task_queues.js:80:21) }
{ time: [34m20-03-2022 18:27:07[39m level: [31merror[39m message: unhandledRejection: Request failed with status code 401
Error: Request failed with status code 401
    at createError (C:\CREDITCLAN\web_hook\all-endpoint\node_modules\axios\lib\core\createError.js:16:15)
    at settle (C:\CREDITCLAN\web_hook\all-endpoint\node_modules\axios\lib\core\settle.js:17:12)
    at IncomingMessage.handleStreamEnd (C:\CREDITCLAN\web_hook\all-endpoint\node_modules\axios\lib\adapters\http.js:322:11)
    at IncomingMessage.emit (events.js:327:22)
    at endReadableNT (internal/streams/readable.js:1327:12)
    at processTicksAndRejections (internal/process/task_queues.js:80:21) stack: Error: Request failed with status code 401
    at createError (C:\CREDITCLAN\web_hook\all-endpoint\node_modules\axios\lib\core\createError.js:16:15)
    at settle (C:\CREDITCLAN\web_hook\all-endpoint\node_modules\axios\lib\core\settle.js:17:12)
    at IncomingMessage.handleStreamEnd (C:\CREDITCLAN\web_hook\all-endpoint\node_modules\axios\lib\adapters\http.js:322:11)
    at IncomingMessage.emit (events.js:327:22)
    at endReadableNT (internal/streams/readable.js:1327:12)
    at processTicksAndRejections (internal/process/task_queues.js:80:21) }
{ time: [34m20-03-2022 18:27:59[39m level: [31merror[39m message: unhandledRejection: Request failed with status code 401
Error: Request failed with status code 401
    at createError (C:\CREDITCLAN\web_hook\all-endpoint\node_modules\axios\lib\core\createError.js:16:15)
    at settle (C:\CREDITCLAN\web_hook\all-endpoint\node_modules\axios\lib\core\settle.js:17:12)
    at IncomingMessage.handleStreamEnd (C:\CREDITCLAN\web_hook\all-endpoint\node_modules\axios\lib\adapters\http.js:322:11)
    at IncomingMessage.emit (events.js:327:22)
    at endReadableNT (internal/streams/readable.js:1327:12)
    at processTicksAndRejections (internal/process/task_queues.js:80:21) stack: Error: Request failed with status code 401
    at createError (C:\CREDITCLAN\web_hook\all-endpoint\node_modules\axios\lib\core\createError.js:16:15)
    at settle (C:\CREDITCLAN\web_hook\all-endpoint\node_modules\axios\lib\core\settle.js:17:12)
    at IncomingMessage.handleStreamEnd (C:\CREDITCLAN\web_hook\all-endpoint\node_modules\axios\lib\adapters\http.js:322:11)
    at IncomingMessage.emit (events.js:327:22)
    at endReadableNT (internal/streams/readable.js:1327:12)
    at processTicksAndRejections (internal/process/task_queues.js:80:21) }
{ time: [34m20-03-2022 18:32:20[39m level: [31merror[39m message: unhandledRejection: Request failed with status code 401
Error: Request failed with status code 401
    at createError (C:\CREDITCLAN\web_hook\all-endpoint\node_modules\axios\lib\core\createError.js:16:15)
    at settle (C:\CREDITCLAN\web_hook\all-endpoint\node_modules\axios\lib\core\settle.js:17:12)
    at IncomingMessage.handleStreamEnd (C:\CREDITCLAN\web_hook\all-endpoint\node_modules\axios\lib\adapters\http.js:322:11)
    at IncomingMessage.emit (events.js:327:22)
    at endReadableNT (internal/streams/readable.js:1327:12)
    at processTicksAndRejections (internal/process/task_queues.js:80:21) stack: Error: Request failed with status code 401
    at createError (C:\CREDITCLAN\web_hook\all-endpoint\node_modules\axios\lib\core\createError.js:16:15)
    at settle (C:\CREDITCLAN\web_hook\all-endpoint\node_modules\axios\lib\core\settle.js:17:12)
    at IncomingMessage.handleStreamEnd (C:\CREDITCLAN\web_hook\all-endpoint\node_modules\axios\lib\adapters\http.js:322:11)
    at IncomingMessage.emit (events.js:327:22)
    at endReadableNT (internal/streams/readable.js:1327:12)
    at processTicksAndRejections (internal/process/task_queues.js:80:21) }
{ time: [34m20-03-2022 18:33:29[39m level: [31merror[39m message: unhandledRejection: Request failed with status code 401
Error: Request failed with status code 401
    at createError (C:\CREDITCLAN\web_hook\all-endpoint\node_modules\axios\lib\core\createError.js:16:15)
    at settle (C:\CREDITCLAN\web_hook\all-endpoint\node_modules\axios\lib\core\settle.js:17:12)
    at IncomingMessage.handleStreamEnd (C:\CREDITCLAN\web_hook\all-endpoint\node_modules\axios\lib\adapters\http.js:322:11)
    at IncomingMessage.emit (events.js:327:22)
    at endReadableNT (internal/streams/readable.js:1327:12)
    at processTicksAndRejections (internal/process/task_queues.js:80:21) stack: Error: Request failed with status code 401
    at createError (C:\CREDITCLAN\web_hook\all-endpoint\node_modules\axios\lib\core\createError.js:16:15)
    at settle (C:\CREDITCLAN\web_hook\all-endpoint\node_modules\axios\lib\core\settle.js:17:12)
    at IncomingMessage.handleStreamEnd (C:\CREDITCLAN\web_hook\all-endpoint\node_modules\axios\lib\adapters\http.js:322:11)
    at IncomingMessage.emit (events.js:327:22)
    at endReadableNT (internal/streams/readable.js:1327:12)
    at processTicksAndRejections (internal/process/task_queues.js:80:21) }
{ time: [34m20-03-2022 18:38:30[39m level: [31merror[39m message: unhandledRejection: MESSENGER_TOKEN is not defined
ReferenceError: MESSENGER_TOKEN is not defined
    at sendText (C:\CREDITCLAN\web_hook\all-endpoint\controllers\otp.controller.js:41:25)
    at exports.generateOtp (C:\CREDITCLAN\web_hook\all-endpoint\controllers\otp.controller.js:93:5)
    at C:\CREDITCLAN\web_hook\all-endpoint\node_modules\express-async-errors\index.js:17:20
    at Layer.handle [as handle_request] (C:\CREDITCLAN\web_hook\all-endpoint\node_modules\express\lib\router\layer.js:95:5)
    at next (C:\CREDITCLAN\web_hook\all-endpoint\node_modules\express\lib\router\route.js:137:13)
    at Route.dispatch (C:\CREDITCLAN\web_hook\all-endpoint\node_modules\express\lib\router\route.js:112:3)
    at C:\CREDITCLAN\web_hook\all-endpoint\node_modules\express-async-errors\index.js:17:20
    at Layer.handle [as handle_request] (C:\CREDITCLAN\web_hook\all-endpoint\node_modules\express\lib\router\layer.js:95:5)
    at C:\CREDITCLAN\web_hook\all-endpoint\node_modules\express\lib\router\index.js:281:22
    at Function.process_params (C:\CREDITCLAN\web_hook\all-endpoint\node_modules\express\lib\router\index.js:341:12) stack: ReferenceError: MESSENGER_TOKEN is not defined
    at sendText (C:\CREDITCLAN\web_hook\all-endpoint\controllers\otp.controller.js:41:25)
    at exports.generateOtp (C:\CREDITCLAN\web_hook\all-endpoint\controllers\otp.controller.js:93:5)
    at C:\CREDITCLAN\web_hook\all-endpoint\node_modules\express-async-errors\index.js:17:20
    at Layer.handle [as handle_request] (C:\CREDITCLAN\web_hook\all-endpoint\node_modules\express\lib\router\layer.js:95:5)
    at next (C:\CREDITCLAN\web_hook\all-endpoint\node_modules\express\lib\router\route.js:137:13)
    at Route.dispatch (C:\CREDITCLAN\web_hook\all-endpoint\node_modules\express\lib\router\route.js:112:3)
    at C:\CREDITCLAN\web_hook\all-endpoint\node_modules\express-async-errors\index.js:17:20
    at Layer.handle [as handle_request] (C:\CREDITCLAN\web_hook\all-endpoint\node_modules\express\lib\router\layer.js:95:5)
    at C:\CREDITCLAN\web_hook\all-endpoint\node_modules\express\lib\router\index.js:281:22
    at Function.process_params (C:\CREDITCLAN\web_hook\all-endpoint\node_modules\express\lib\router\index.js:341:12) }
{ time: [34m20-03-2022 18:40:56[39m level: [31merror[39m message: unhandledRejection: Request failed with status code 401
Error: Request failed with status code 401
    at createError (C:\CREDITCLAN\web_hook\all-endpoint\node_modules\axios\lib\core\createError.js:16:15)
    at settle (C:\CREDITCLAN\web_hook\all-endpoint\node_modules\axios\lib\core\settle.js:17:12)
    at IncomingMessage.handleStreamEnd (C:\CREDITCLAN\web_hook\all-endpoint\node_modules\axios\lib\adapters\http.js:322:11)
    at IncomingMessage.emit (events.js:327:22)
    at endReadableNT (internal/streams/readable.js:1327:12)
    at processTicksAndRejections (internal/process/task_queues.js:80:21) stack: Error: Request failed with status code 401
    at createError (C:\CREDITCLAN\web_hook\all-endpoint\node_modules\axios\lib\core\createError.js:16:15)
    at settle (C:\CREDITCLAN\web_hook\all-endpoint\node_modules\axios\lib\core\settle.js:17:12)
    at IncomingMessage.handleStreamEnd (C:\CREDITCLAN\web_hook\all-endpoint\node_modules\axios\lib\adapters\http.js:322:11)
    at IncomingMessage.emit (events.js:327:22)
    at endReadableNT (internal/streams/readable.js:1327:12)
    at processTicksAndRejections (internal/process/task_queues.js:80:21) }
{ time: [34m20-03-2022 18:42:39[39m level: [31merror[39m message: unhandledRejection: Request failed with status code 401
Error: Request failed with status code 401
    at createError (C:\CREDITCLAN\web_hook\all-endpoint\node_modules\axios\lib\core\createError.js:16:15)
    at settle (C:\CREDITCLAN\web_hook\all-endpoint\node_modules\axios\lib\core\settle.js:17:12)
    at IncomingMessage.handleStreamEnd (C:\CREDITCLAN\web_hook\all-endpoint\node_modules\axios\lib\adapters\http.js:322:11)
    at IncomingMessage.emit (events.js:327:22)
    at endReadableNT (internal/streams/readable.js:1327:12)
    at processTicksAndRejections (internal/process/task_queues.js:80:21) stack: Error: Request failed with status code 401
    at createError (C:\CREDITCLAN\web_hook\all-endpoint\node_modules\axios\lib\core\createError.js:16:15)
    at settle (C:\CREDITCLAN\web_hook\all-endpoint\node_modules\axios\lib\core\settle.js:17:12)
    at IncomingMessage.handleStreamEnd (C:\CREDITCLAN\web_hook\all-endpoint\node_modules\axios\lib\adapters\http.js:322:11)
    at IncomingMessage.emit (events.js:327:22)
    at endReadableNT (internal/streams/readable.js:1327:12)
    at processTicksAndRejections (internal/process/task_queues.js:80:21) }
{ time: [34m20-03-2022 18:43:41[39m level: [31merror[39m message: unhandledRejection: Request failed with status code 401
Error: Request failed with status code 401
    at createError (C:\CREDITCLAN\web_hook\all-endpoint\node_modules\axios\lib\core\createError.js:16:15)
    at settle (C:\CREDITCLAN\web_hook\all-endpoint\node_modules\axios\lib\core\settle.js:17:12)
    at IncomingMessage.handleStreamEnd (C:\CREDITCLAN\web_hook\all-endpoint\node_modules\axios\lib\adapters\http.js:322:11)
    at IncomingMessage.emit (events.js:327:22)
    at endReadableNT (internal/streams/readable.js:1327:12)
    at processTicksAndRejections (internal/process/task_queues.js:80:21) stack: Error: Request failed with status code 401
    at createError (C:\CREDITCLAN\web_hook\all-endpoint\node_modules\axios\lib\core\createError.js:16:15)
    at settle (C:\CREDITCLAN\web_hook\all-endpoint\node_modules\axios\lib\core\settle.js:17:12)
    at IncomingMessage.handleStreamEnd (C:\CREDITCLAN\web_hook\all-endpoint\node_modules\axios\lib\adapters\http.js:322:11)
    at IncomingMessage.emit (events.js:327:22)
    at endReadableNT (internal/streams/readable.js:1327:12)
    at processTicksAndRejections (internal/process/task_queues.js:80:21) }
{ time: [34m20-03-2022 18:48:20[39m level: [31merror[39m message: unhandledRejection: Request failed with status code 401
Error: Request failed with status code 401
    at createError (C:\CREDITCLAN\web_hook\all-endpoint\node_modules\axios\lib\core\createError.js:16:15)
    at settle (C:\CREDITCLAN\web_hook\all-endpoint\node_modules\axios\lib\core\settle.js:17:12)
    at IncomingMessage.handleStreamEnd (C:\CREDITCLAN\web_hook\all-endpoint\node_modules\axios\lib\adapters\http.js:322:11)
    at IncomingMessage.emit (events.js:327:22)
    at endReadableNT (internal/streams/readable.js:1327:12)
    at processTicksAndRejections (internal/process/task_queues.js:80:21) stack: Error: Request failed with status code 401
    at createError (C:\CREDITCLAN\web_hook\all-endpoint\node_modules\axios\lib\core\createError.js:16:15)
    at settle (C:\CREDITCLAN\web_hook\all-endpoint\node_modules\axios\lib\core\settle.js:17:12)
    at IncomingMessage.handleStreamEnd (C:\CREDITCLAN\web_hook\all-endpoint\node_modules\axios\lib\adapters\http.js:322:11)
    at IncomingMessage.emit (events.js:327:22)
    at endReadableNT (internal/streams/readable.js:1327:12)
    at processTicksAndRejections (internal/process/task_queues.js:80:21) }
{ time: [34m20-03-2022 18:51:45[39m level: [31merror[39m message: uncaughtException: Identifier 'sendText' has already been declared
C:\CREDITCLAN\web_hook\all-endpoint\controllers\otp.controller.js:8
async function sendText(text, provider, channelId, phone) {
^

SyntaxError: Identifier 'sendText' has already been declared
    at wrapSafe (internal/modules/cjs/loader.js:979:16)
    at Module._compile (internal/modules/cjs/loader.js:1027:27)
    at Object.Module._extensions..js (internal/modules/cjs/loader.js:1092:10)
    at Module.load (internal/modules/cjs/loader.js:928:32)
    at Function.Module._load (internal/modules/cjs/loader.js:769:14)
    at Module.require (internal/modules/cjs/loader.js:952:19)
    at require (internal/modules/cjs/helpers.js:88:18)
    at Object.<anonymous> (C:\CREDITCLAN\web_hook\all-endpoint\routes\otp.route.js:2:18)
    at Module._compile (internal/modules/cjs/loader.js:1063:30)
    at Object.Module._extensions..js (internal/modules/cjs/loader.js:1092:10) stack: C:\CREDITCLAN\web_hook\all-endpoint\controllers\otp.controller.js:8
async function sendText(text, provider, channelId, phone) {
^

SyntaxError: Identifier 'sendText' has already been declared
    at wrapSafe (internal/modules/cjs/loader.js:979:16)
    at Module._compile (internal/modules/cjs/loader.js:1027:27)
    at Object.Module._extensions..js (internal/modules/cjs/loader.js:1092:10)
    at Module.load (internal/modules/cjs/loader.js:928:32)
    at Function.Module._load (internal/modules/cjs/loader.js:769:14)
    at Module.require (internal/modules/cjs/loader.js:952:19)
    at require (internal/modules/cjs/helpers.js:88:18)
    at Object.<anonymous> (C:\CREDITCLAN\web_hook\all-endpoint\routes\otp.route.js:2:18)
    at Module._compile (internal/modules/cjs/loader.js:1063:30)
    at Object.Module._extensions..js (internal/modules/cjs/loader.js:1092:10) }
{ time: [34m20-03-2022 18:52:30[39m level: [31merror[39m message: unhandledRejection: MESSENGER_TOKEN is not defined
ReferenceError: MESSENGER_TOKEN is not defined
    at sendText (C:\CREDITCLAN\web_hook\all-endpoint\controllers\otp.controller.js:41:25)
    at exports.generateOtp (C:\CREDITCLAN\web_hook\all-endpoint\controllers\otp.controller.js:89:3)
    at C:\CREDITCLAN\web_hook\all-endpoint\node_modules\express-async-errors\index.js:17:20
    at Layer.handle [as handle_request] (C:\CREDITCLAN\web_hook\all-endpoint\node_modules\express\lib\router\layer.js:95:5)
    at next (C:\CREDITCLAN\web_hook\all-endpoint\node_modules\express\lib\router\route.js:137:13)
    at Route.dispatch (C:\CREDITCLAN\web_hook\all-endpoint\node_modules\express\lib\router\route.js:112:3)
    at C:\CREDITCLAN\web_hook\all-endpoint\node_modules\express-async-errors\index.js:17:20
    at Layer.handle [as handle_request] (C:\CREDITCLAN\web_hook\all-endpoint\node_modules\express\lib\router\layer.js:95:5)
    at C:\CREDITCLAN\web_hook\all-endpoint\node_modules\express\lib\router\index.js:281:22
    at Function.process_params (C:\CREDITCLAN\web_hook\all-endpoint\node_modules\express\lib\router\index.js:341:12) stack: ReferenceError: MESSENGER_TOKEN is not defined
    at sendText (C:\CREDITCLAN\web_hook\all-endpoint\controllers\otp.controller.js:41:25)
    at exports.generateOtp (C:\CREDITCLAN\web_hook\all-endpoint\controllers\otp.controller.js:89:3)
    at C:\CREDITCLAN\web_hook\all-endpoint\node_modules\express-async-errors\index.js:17:20
    at Layer.handle [as handle_request] (C:\CREDITCLAN\web_hook\all-endpoint\node_modules\express\lib\router\layer.js:95:5)
    at next (C:\CREDITCLAN\web_hook\all-endpoint\node_modules\express\lib\router\route.js:137:13)
    at Route.dispatch (C:\CREDITCLAN\web_hook\all-endpoint\node_modules\express\lib\router\route.js:112:3)
    at C:\CREDITCLAN\web_hook\all-endpoint\node_modules\express-async-errors\index.js:17:20
    at Layer.handle [as handle_request] (C:\CREDITCLAN\web_hook\all-endpoint\node_modules\express\lib\router\layer.js:95:5)
    at C:\CREDITCLAN\web_hook\all-endpoint\node_modules\express\lib\router\index.js:281:22
    at Function.process_params (C:\CREDITCLAN\web_hook\all-endpoint\node_modules\express\lib\router\index.js:341:12) }
{ time: [34m20-03-2022 18:53:53[39m level: [31merror[39m message: unhandledRejection: Request failed with status code 401
Error: Request failed with status code 401
    at createError (C:\CREDITCLAN\web_hook\all-endpoint\node_modules\axios\lib\core\createError.js:16:15)
    at settle (C:\CREDITCLAN\web_hook\all-endpoint\node_modules\axios\lib\core\settle.js:17:12)
    at IncomingMessage.handleStreamEnd (C:\CREDITCLAN\web_hook\all-endpoint\node_modules\axios\lib\adapters\http.js:322:11)
    at IncomingMessage.emit (events.js:327:22)
    at endReadableNT (internal/streams/readable.js:1327:12)
    at processTicksAndRejections (internal/process/task_queues.js:80:21) stack: Error: Request failed with status code 401
    at createError (C:\CREDITCLAN\web_hook\all-endpoint\node_modules\axios\lib\core\createError.js:16:15)
    at settle (C:\CREDITCLAN\web_hook\all-endpoint\node_modules\axios\lib\core\settle.js:17:12)
    at IncomingMessage.handleStreamEnd (C:\CREDITCLAN\web_hook\all-endpoint\node_modules\axios\lib\adapters\http.js:322:11)
    at IncomingMessage.emit (events.js:327:22)
    at endReadableNT (internal/streams/readable.js:1327:12)
    at processTicksAndRejections (internal/process/task_queues.js:80:21) }
{ time: [34m20-03-2022 19:13:46[39m level: [31merror[39m message: uncaughtException: Unexpected identifier
C:\CREDITCLAN\web_hook\all-endpoint\controllers\otp.controller.js:68
  //     Authorization: `${MESSENGEBIRD_TOKEN}`,
                         ^

SyntaxError: Unexpected identifier
    at wrapSafe (internal/modules/cjs/loader.js:979:16)
    at Module._compile (internal/modules/cjs/loader.js:1027:27)
    at Object.Module._extensions..js (internal/modules/cjs/loader.js:1092:10)
    at Module.load (internal/modules/cjs/loader.js:928:32)
    at Function.Module._load (internal/modules/cjs/loader.js:769:14)
    at Module.require (internal/modules/cjs/loader.js:952:19)
    at require (internal/modules/cjs/helpers.js:88:18)
    at Object.<anonymous> (C:\CREDITCLAN\web_hook\all-endpoint\routes\otp.route.js:2:18)
    at Module._compile (internal/modules/cjs/loader.js:1063:30)
    at Object.Module._extensions..js (internal/modules/cjs/loader.js:1092:10) stack: C:\CREDITCLAN\web_hook\all-endpoint\controllers\otp.controller.js:68
  //     Authorization: `${MESSENGEBIRD_TOKEN}`,
                         ^

SyntaxError: Unexpected identifier
    at wrapSafe (internal/modules/cjs/loader.js:979:16)
    at Module._compile (internal/modules/cjs/loader.js:1027:27)
    at Object.Module._extensions..js (internal/modules/cjs/loader.js:1092:10)
    at Module.load (internal/modules/cjs/loader.js:928:32)
    at Function.Module._load (internal/modules/cjs/loader.js:769:14)
    at Module.require (internal/modules/cjs/loader.js:952:19)
    at require (internal/modules/cjs/helpers.js:88:18)
    at Object.<anonymous> (C:\CREDITCLAN\web_hook\all-endpoint\routes\otp.route.js:2:18)
    at Module._compile (internal/modules/cjs/loader.js:1063:30)
    at Object.Module._extensions..js (internal/modules/cjs/loader.js:1092:10) }
